<?xml version="1.0" encoding="UTF-8"?>
<!-- Generated by org.testng.reporters.JUnitReportReporter -->
<testsuite hostname="vivekpankaraj" name="com.test.demo.MavenTest.NewTest" tests="1" failures="0" timestamp="8 Oct 2018 14:00:24 GMT" time="14.939" errors="0">
  <testcase name="go" time="14.939" classname="com.test.demo.MavenTest.NewTest"/>
</testsuite> <!-- com.test.demo.MavenTest.NewTest -->
