<?xml version="1.0" encoding="UTF-8"?>
<!-- Generated by org.testng.reporters.JUnitReportReporter -->
<testsuite skipped="0" hostname="vivekpankaraj" name="com.test.demo.MavenTest.NewTest" tests="1" failures="0" timestamp="08 Oct 2018 13:34:30 GMT" time="18.640" errors="0">
  <testcase name="go" time="18.640" classname="com.test.demo.MavenTest.NewTest"/>
</testsuite> <!-- com.test.demo.MavenTest.NewTest -->
