<?xml version="1.0" encoding="UTF-8"?>
<!-- Generated by org.testng.reporters.JUnitReportReporter -->
<testsuite skipped="0" hostname="vivekpankaraj" name="com.test.demo.MavenTest.DemoTest" tests="1" failures="0" timestamp="08 Oct 2018 13:30:54 GMT" time="26.806" errors="0">
  <testcase name="go" time="26.806" classname="com.test.demo.MavenTest.DemoTest"/>
</testsuite> <!-- com.test.demo.MavenTest.DemoTest -->
